<?xml version="1.0" encoding="UTF-8"?>
<testng-results ignored="0" total="1" passed="1" failed="0" skipped="0">
  <reporter-output>
  </reporter-output>
  <suite started-at="2021-10-11T09:07:06 BST" name="Default suite" finished-at="2021-10-11T09:07:26 BST" duration-ms="19568">
    <groups>
    </groups>
    <test started-at="2021-10-11T09:07:06 BST" name="Default test" finished-at="2021-10-11T09:07:26 BST" duration-ms="19568">
      <class name="testPackage.mainTest">
        <test-method signature="theTest()[pri:0, instance:testPackage.mainTest@32c0915e]" started-at="2021-10-11T09:07:06 BST" name="theTest" finished-at="2021-10-11T09:07:26 BST" duration-ms="19494" status="PASS">
          <reporter-output>
          </reporter-output>
        </test-method> <!-- theTest -->
      </class> <!-- testPackage.mainTest -->
    </test> <!-- Default test -->
  </suite> <!-- Default suite -->
</testng-results>
