<?xml version="1.0" encoding="UTF-8"?>
<!-- Generated by org.testng.reporters.JUnitXMLReporter -->
<testsuite ignored="0" hostname="Adrijanas-MBP" failures="1" tests="1" name="Test" time="8.315" errors="0" timestamp="2021-10-08T20:19:13 BST">
  <testcase classname="testPackage.mainTest" name="theTest" time="8.275">
    <failure type="java.lang.AssertionError" message="expected [https://www1.perfectward.com/features] but found [https://www.perfectward.com/features]">
      <![CDATA[java.lang.AssertionError: expected [https://www1.perfectward.com/features] but found [https://www.perfectward.com/features]
at testPackage.mainTest.theTest(mainTest.java:20)
at java.base/java.util.ArrayList.forEach(ArrayList.java:1511)
... Removed 33 stack frames]]>
    </failure>
  </testcase> <!-- theTest -->
</testsuite> <!-- Test -->
